sinch_android/build/outputs/logs/manifest-merger-debug-report.txt
-- Merging decision tree log ---
manifest
ADDED from sinch_android\AndroidManifest.xml:2:1-52:12
	package
		ADDED from sinch_android\AndroidManifest.xml:3:5-49
	android:versionName
		ADDED from sinch_android\AndroidManifest.xml:5:5-30
	android:versionCode
		ADDED from sinch_android\AndroidManifest.xml:4:5-28
		INJECTED from sinch_android\AndroidManifest.xml
		INJECTED from sinch_android\AndroidManifest.xml
	xmlns:android
		ADDED from sinch_android\AndroidManifest.xml:2:11-69
uses-sdk
ADDED from sinch_android\AndroidManifest.xml:7:5-9:41
	android:targetSdkVersion
		ADDED from sinch_android\AndroidManifest.xml:9:9-38
		INJECTED from sinch_android\AndroidManifest.xml
		INJECTED from sinch_android\AndroidManifest.xml
	android:minSdkVersion
		ADDED from sinch_android\AndroidManifest.xml:8:9-34
		INJECTED from sinch_android\AndroidManifest.xml
		INJECTED from sinch_android\AndroidManifest.xml
uses-feature#android.hardware.microphone
ADDED from sinch_android\AndroidManifest.xml:11:5-13:36
	android:required
		ADDED from sinch_android\AndroidManifest.xml:13:9-33
	android:name
		ADDED from sinch_android\AndroidManifest.xml:12:9-51
uses-permission#android.permission.INTERNET
ADDED from sinch_android\AndroidManifest.xml:15:5-67
	android:name
		ADDED from sinch_android\AndroidManifest.xml:15:22-64
uses-permission#android.permission.RECORD_AUDIO
ADDED from sinch_android\AndroidManifest.xml:16:5-71
	android:name
		ADDED from sinch_android\AndroidManifest.xml:16:22-68
uses-permission#android.permission.MODIFY_AUDIO_SETTINGS
ADDED from sinch_android\AndroidManifest.xml:17:5-80
	android:name
		ADDED from sinch_android\AndroidManifest.xml:17:22-77
uses-permission#android.permission.READ_PHONE_STATE
ADDED from sinch_android\AndroidManifest.xml:18:5-75
	android:name
		ADDED from sinch_android\AndroidManifest.xml:18:22-72
uses-permission#android.permission.ACCESS_NETWORK_STATE
ADDED from sinch_android\AndroidManifest.xml:19:5-79
	android:name
		ADDED from sinch_android\AndroidManifest.xml:19:22-76
uses-permission#android.permission.CAMERA
ADDED from sinch_android\AndroidManifest.xml:20:5-65
	android:name
		ADDED from sinch_android\AndroidManifest.xml:20:22-62
android:uses-permission#android.permission.WRITE_EXTERNAL_STORAGE
ADDED from sinch_android\AndroidManifest.xml:22:5-89
	android:name
		ADDED from sinch_android\AndroidManifest.xml:22:30-86
android:uses-permission#android.permission.READ_EXTERNAL_STORAGE
ADDED from sinch_android\AndroidManifest.xml:23:5-88
	android:name
		ADDED from sinch_android\AndroidManifest.xml:23:30-85
application
ADDED from sinch_android\AndroidManifest.xml:25:5-50:19
	android:label
		ADDED from sinch_android\AndroidManifest.xml:28:9-41
	android:allowBackup
		ADDED from sinch_android\AndroidManifest.xml:26:9-35
	android:icon
		ADDED from sinch_android\AndroidManifest.xml:27:9-38
	android:theme
		ADDED from sinch_android\AndroidManifest.xml:29:9-40
service#com.sinch.android.rtc.sample.video.SinchService
ADDED from sinch_android\AndroidManifest.xml:30:9-49
	android:name
		ADDED from sinch_android\AndroidManifest.xml:30:18-46
activity#com.sinch.android.rtc.sample.video.LoginActivity
ADDED from sinch_android\AndroidManifest.xml:32:9-41:20
	android:screenOrientation
		ADDED from sinch_android\AndroidManifest.xml:35:13-49
	android:label
		ADDED from sinch_android\AndroidManifest.xml:34:13-45
	android:name
		ADDED from sinch_android\AndroidManifest.xml:33:13-42
intent-filter#android.intent.action.MAIN+android.intent.category.LAUNCHER
ADDED from sinch_android\AndroidManifest.xml:36:13-40:29
action#android.intent.action.MAIN
ADDED from sinch_android\AndroidManifest.xml:37:17-69
	android:name
		ADDED from sinch_android\AndroidManifest.xml:37:25-66
category#android.intent.category.LAUNCHER
ADDED from sinch_android\AndroidManifest.xml:39:17-77
	android:name
		ADDED from sinch_android\AndroidManifest.xml:39:27-74
activity#com.sinch.android.rtc.sample.video.CallScreenActivity
ADDED from sinch_android\AndroidManifest.xml:42:9-56
	android:name
		ADDED from sinch_android\AndroidManifest.xml:42:19-53
activity#com.sinch.android.rtc.sample.video.IncomingCallScreenActivity
ADDED from sinch_android\AndroidManifest.xml:43:9-46:52
	android:screenOrientation
		ADDED from sinch_android\AndroidManifest.xml:46:13-49
	android:noHistory
		ADDED from sinch_android\AndroidManifest.xml:45:13-37
	android:name
		ADDED from sinch_android\AndroidManifest.xml:44:13-55
activity#com.sinch.android.rtc.sample.video.PlaceCallActivity
ADDED from sinch_android\AndroidManifest.xml:47:9-49:52
	android:screenOrientation
		ADDED from sinch_android\AndroidManifest.xml:49:13-49
	android:name
		ADDED from sinch_android\AndroidManifest.xml:48:13-46